{"/Users/Alonzo/Dev/ReactNative/Mantras/src/constants.js": {"path":"/Users/Alonzo/Dev/ReactNative/Mantras/src/constants.js","statementMap":{"0":{"start":{"line":4,"column":38},"end":{"line":4,"column":77}},"1":{"start":{"line":5,"column":36},"end":{"line":5,"column":89}},"2":{"start":{"line":11,"column":31},"end":{"line":11,"column":106}},"3":{"start":{"line":12,"column":21},"end":{"line":12,"column":36}},"4":{"start":{"line":13,"column":33},"end":{"line":21,"column":1}},"5":{"start":{"line":24,"column":36},"end":{"line":24,"column":42}},"6":{"start":{"line":25,"column":35},"end":{"line":25,"column":46}},"7":{"start":{"line":26,"column":40},"end":{"line":26,"column":50}},"8":{"start":{"line":27,"column":43},"end":{"line":27,"column":56}}},"fnMap":{},"branchMap":{},"s":{"0":2,"1":2,"2":2,"3":2,"4":2,"5":2,"6":2,"7":2,"8":2},"f":{},"b":{},"_coverageSchema":"1a1c01bbd47fc00a2c39e90264f33305004495a9","hash":"53a814cdf4bfc9d72249cce1406bfe7a2fa1a3be"}
,"/Users/Alonzo/Dev/ReactNative/Mantras/src/NewAppScreen/index.js": {"path":"/Users/Alonzo/Dev/ReactNative/Mantras/src/NewAppScreen/index.js","statementMap":{},"fnMap":{},"branchMap":{},"s":{},"f":{},"b":{},"_coverageSchema":"1a1c01bbd47fc00a2c39e90264f33305004495a9","hash":"dcd76a881f11047c6eb8141daec712e67e814f2e"}
,"/Users/Alonzo/Dev/ReactNative/Mantras/src/NewAppScreen/components/Colors.js": {"path":"/Users/Alonzo/Dev/ReactNative/Mantras/src/NewAppScreen/components/Colors.js","statementMap":{},"fnMap":{},"branchMap":{},"s":{},"f":{},"b":{},"_coverageSchema":"1a1c01bbd47fc00a2c39e90264f33305004495a9","hash":"5699003157b3544c9d98468ba5bd67bebdf457c0"}
,"/Users/Alonzo/Dev/ReactNative/Mantras/src/NewAppScreen/components/Header.js": {"path":"/Users/Alonzo/Dev/ReactNative/Mantras/src/NewAppScreen/components/Header.js","statementMap":{"0":{"start":{"line":18,"column":15},"end":{"line":45,"column":1}},"1":{"start":{"line":19,"column":21},"end":{"line":19,"column":48}},"2":{"start":{"line":20,"column":2},"end":{"line":44,"column":4}},"3":{"start":{"line":47,"column":15},"end":{"line":71,"column":2}}},"fnMap":{"0":{"name":"(anonymous_0)","decl":{"start":{"line":18,"column":15},"end":{"line":18,"column":16}},"loc":{"start":{"line":18,"column":44},"end":{"line":45,"column":1}},"line":18}},"branchMap":{},"s":{"0":3,"1":4,"2":4,"3":3},"f":{"0":4},"b":{},"_coverageSchema":"1a1c01bbd47fc00a2c39e90264f33305004495a9","hash":"7313f5f73385d5153c1b148d17b190cc49c85796"}
,"/Users/Alonzo/Dev/ReactNative/Mantras/src/NewAppScreen/components/logo.png": {"path":"/Users/Alonzo/Dev/ReactNative/Mantras/src/NewAppScreen/components/logo.png","statementMap":{"0":{"start":{"line":1,"column":0},"end":{"line":4,"column":6}}},"fnMap":{},"branchMap":{},"s":{"0":2},"f":{},"b":{},"inputSourceMap":null,"_coverageSchema":"1a1c01bbd47fc00a2c39e90264f33305004495a9","hash":"cab87570e312800ae549589785f81840c1bb3efc"}
,"/Users/Alonzo/Dev/ReactNative/Mantras/src/dailyMantras/dailyMantras.js": {"path":"/Users/Alonzo/Dev/ReactNative/Mantras/src/dailyMantras/dailyMantras.js","statementMap":{"0":{"start":{"line":29,"column":16},"end":{"line":53,"column":1}},"1":{"start":{"line":30,"column":21},"end":{"line":30,"column":48}},"2":{"start":{"line":31,"column":2},"end":{"line":52,"column":4}},"3":{"start":{"line":55,"column":14},"end":{"line":55,"column":29}},"4":{"start":{"line":56,"column":13},"end":{"line":64,"column":1}},"5":{"start":{"line":66,"column":24},"end":{"line":95,"column":1}},"6":{"start":{"line":67,"column":21},"end":{"line":67,"column":48}},"7":{"start":{"line":69,"column":26},"end":{"line":71,"column":3}},"8":{"start":{"line":73,"column":21},"end":{"line":81,"column":3}},"9":{"start":{"line":74,"column":9},"end":{"line":80,"column":20}},"10":{"start":{"line":83,"column":2},"end":{"line":94,"column":4}},"11":{"start":{"line":91,"column":30},"end":{"line":91,"column":37}},"12":{"start":{"line":97,"column":15},"end":{"line":117,"column":2}}},"fnMap":{"0":{"name":"(anonymous_0)","decl":{"start":{"line":29,"column":16},"end":{"line":29,"column":17}},"loc":{"start":{"line":29,"column":45},"end":{"line":53,"column":1}},"line":29},"1":{"name":"(anonymous_1)","decl":{"start":{"line":66,"column":24},"end":{"line":66,"column":25}},"loc":{"start":{"line":66,"column":30},"end":{"line":95,"column":1}},"line":66},"2":{"name":"(anonymous_2)","decl":{"start":{"line":73,"column":21},"end":{"line":73,"column":22}},"loc":{"start":{"line":74,"column":9},"end":{"line":80,"column":20}},"line":74},"3":{"name":"(anonymous_3)","decl":{"start":{"line":91,"column":22},"end":{"line":91,"column":23}},"loc":{"start":{"line":91,"column":30},"end":{"line":91,"column":37}},"line":91}},"branchMap":{},"s":{"0":1,"1":14,"2":14,"3":1,"4":1,"5":1,"6":2,"7":2,"8":2,"9":14,"10":2,"11":14,"12":1},"f":{"0":14,"1":2,"2":14,"3":14},"b":{},"_coverageSchema":"1a1c01bbd47fc00a2c39e90264f33305004495a9","hash":"9a681f3bbada8db40195d9b0ce5c5874108bd069"}
,"/Users/Alonzo/Dev/ReactNative/Mantras/src/home/home.js": {"path":"/Users/Alonzo/Dev/ReactNative/Mantras/src/home/home.js","statementMap":{"0":{"start":{"line":25,"column":0},"end":{"line":25,"column":14}},"1":{"start":{"line":32,"column":25},"end":{"line":52,"column":1}},"2":{"start":{"line":34,"column":26},"end":{"line":36,"column":3}},"3":{"start":{"line":38,"column":2},"end":{"line":51,"column":4}},"4":{"start":{"line":54,"column":15},"end":{"line":71,"column":2}}},"fnMap":{"0":{"name":"(anonymous_0)","decl":{"start":{"line":32,"column":25},"end":{"line":32,"column":26}},"loc":{"start":{"line":32,"column":31},"end":{"line":52,"column":1}},"line":32}},"branchMap":{},"s":{"0":1,"1":1,"2":2,"3":2,"4":1},"f":{"0":2},"b":{},"_coverageSchema":"1a1c01bbd47fc00a2c39e90264f33305004495a9","hash":"c2ab91edb856f4e7989d5e5f42e75f7f5f1f237b"}
,"/Users/Alonzo/Dev/ReactNative/Mantras/src/nakshatraMantras/nakshatraMantras.js": {"path":"/Users/Alonzo/Dev/ReactNative/Mantras/src/nakshatraMantras/nakshatraMantras.js","statementMap":{"0":{"start":{"line":37,"column":16},"end":{"line":61,"column":1}},"1":{"start":{"line":38,"column":21},"end":{"line":38,"column":48}},"2":{"start":{"line":39,"column":2},"end":{"line":60,"column":4}},"3":{"start":{"line":67,"column":37},"end":{"line":122,"column":1}},"4":{"start":{"line":68,"column":21},"end":{"line":68,"column":48}},"5":{"start":{"line":70,"column":26},"end":{"line":72,"column":3}},"6":{"start":{"line":74,"column":19},"end":{"line":81,"column":3}},"7":{"start":{"line":75,"column":10},"end":{"line":80,"column":10}},"8":{"start":{"line":83,"column":2},"end":{"line":121,"column":4}},"9":{"start":{"line":117,"column":30},"end":{"line":117,"column":37}},"10":{"start":{"line":124,"column":15},"end":{"line":141,"column":2}}},"fnMap":{"0":{"name":"(anonymous_0)","decl":{"start":{"line":37,"column":16},"end":{"line":37,"column":17}},"loc":{"start":{"line":37,"column":45},"end":{"line":61,"column":1}},"line":37},"1":{"name":"(anonymous_1)","decl":{"start":{"line":67,"column":37},"end":{"line":67,"column":38}},"loc":{"start":{"line":67,"column":43},"end":{"line":122,"column":1}},"line":67},"2":{"name":"(anonymous_2)","decl":{"start":{"line":74,"column":19},"end":{"line":74,"column":20}},"loc":{"start":{"line":75,"column":10},"end":{"line":80,"column":10}},"line":75},"3":{"name":"(anonymous_3)","decl":{"start":{"line":117,"column":22},"end":{"line":117,"column":23}},"loc":{"start":{"line":117,"column":30},"end":{"line":117,"column":37}},"line":117}},"branchMap":{},"s":{"0":1,"1":20,"2":20,"3":1,"4":2,"5":2,"6":2,"7":20,"8":2,"9":24,"10":1},"f":{"0":20,"1":2,"2":20,"3":24},"b":{},"_coverageSchema":"1a1c01bbd47fc00a2c39e90264f33305004495a9","hash":"282a2e92d6d5b6e9be3140bb672c133711eb333d"}
}
