TN:
SF:src/constants.js
FNF:0
FNH:0
DA:4,2
DA:5,2
DA:11,2
DA:12,2
DA:13,2
DA:24,2
DA:25,2
DA:26,2
DA:27,2
LF:9
LH:9
BRF:0
BRH:0
end_of_record
TN:
SF:src/NewAppScreen/index.js
FNF:0
FNH:0
LF:0
LH:0
BRF:0
BRH:0
end_of_record
TN:
SF:src/NewAppScreen/components/Colors.js
FNF:0
FNH:0
LF:0
LH:0
BRF:0
BRH:0
end_of_record
TN:
SF:src/NewAppScreen/components/Header.js
FN:18,(anonymous_0)
FNF:1
FNH:1
FNDA:4,(anonymous_0)
DA:18,3
DA:19,4
DA:20,4
DA:47,3
LF:4
LH:4
BRF:0
BRH:0
end_of_record
TN:
SF:src/NewAppScreen/components/logo.png
FNF:0
FNH:0
DA:1,2
LF:1
LH:1
BRF:0
BRH:0
end_of_record
TN:
SF:src/dailyMantras/dailyMantras.js
FN:29,(anonymous_0)
FN:66,(anonymous_1)
FN:73,(anonymous_2)
FN:91,(anonymous_3)
FNF:4
FNH:4
FNDA:14,(anonymous_0)
FNDA:2,(anonymous_1)
FNDA:14,(anonymous_2)
FNDA:14,(anonymous_3)
DA:29,1
DA:30,14
DA:31,14
DA:55,1
DA:56,1
DA:66,1
DA:67,2
DA:69,2
DA:73,2
DA:74,14
DA:83,2
DA:91,14
DA:97,1
LF:13
LH:13
BRF:0
BRH:0
end_of_record
TN:
SF:src/home/home.js
FN:32,(anonymous_0)
FNF:1
FNH:1
FNDA:2,(anonymous_0)
DA:25,1
DA:32,1
DA:34,2
DA:38,2
DA:54,1
LF:5
LH:5
BRF:0
BRH:0
end_of_record
TN:
SF:src/nakshatraMantras/nakshatraMantras.js
FN:37,(anonymous_0)
FN:67,(anonymous_1)
FN:74,(anonymous_2)
FN:117,(anonymous_3)
FNF:4
FNH:4
FNDA:20,(anonymous_0)
FNDA:2,(anonymous_1)
FNDA:20,(anonymous_2)
FNDA:24,(anonymous_3)
DA:37,1
DA:38,20
DA:39,20
DA:67,1
DA:68,2
DA:70,2
DA:74,2
DA:75,20
DA:83,2
DA:117,24
DA:124,1
LF:11
LH:11
BRF:0
BRH:0
end_of_record
