TN:
SF:src/constants.js
FNF:0
FNH:0
DA:4,3
DA:5,3
DA:11,3
DA:12,3
DA:13,3
DA:24,3
DA:25,3
DA:26,3
DA:27,3
DA:32,3
LF:10
LH:10
BRF:0
BRH:0
end_of_record
TN:
SF:src/NewAppScreen/index.js
FNF:0
FNH:0
LF:0
LH:0
BRF:0
BRH:0
end_of_record
TN:
SF:src/NewAppScreen/components/Colors.js
FNF:0
FNH:0
LF:0
LH:0
BRF:0
BRH:0
end_of_record
TN:
SF:src/NewAppScreen/components/Header.js
FN:18,(anonymous_0)
FNF:1
FNH:1
FNDA:6,(anonymous_0)
DA:18,3
DA:19,6
DA:20,6
DA:47,3
LF:4
LH:4
BRF:0
BRH:0
end_of_record
TN:
SF:src/NewAppScreen/components/logo.png
FNF:0
FNH:0
DA:1,3
LF:1
LH:1
BRF:0
BRH:0
end_of_record
TN:
SF:src/dailyMantras/dailyMantras.js
FN:29,(anonymous_0)
FN:67,(anonymous_1)
FN:74,(anonymous_2)
FN:92,(anonymous_3)
FNF:4
FNH:4
FNDA:14,(anonymous_0)
FNDA:2,(anonymous_1)
FNDA:14,(anonymous_2)
FNDA:14,(anonymous_3)
DA:29,1
DA:30,14
DA:31,14
DA:55,1
DA:56,1
DA:67,1
DA:68,2
DA:70,2
DA:74,2
DA:75,14
DA:84,2
DA:92,14
DA:98,1
LF:13
LH:13
BRF:0
BRH:0
end_of_record
TN:
SF:src/home/home.js
FN:31,(anonymous_0)
FNF:1
FNH:1
FNDA:2,(anonymous_0)
DA:31,1
DA:33,2
DA:37,2
DA:53,1
LF:4
LH:4
BRF:0
BRH:0
end_of_record
TN:
SF:src/nakshatraMantras/nakshatraMantras.js
FN:40,(anonymous_0)
FN:70,(anonymous_1)
FN:77,(anonymous_2)
FN:93,(anonymous_3)
FNF:4
FNH:4
FNDA:20,(anonymous_0)
FNDA:2,(anonymous_1)
FNDA:20,(anonymous_2)
FNDA:24,(anonymous_3)
DA:40,1
DA:41,20
DA:42,20
DA:70,1
DA:71,2
DA:73,2
DA:77,2
DA:78,20
DA:86,2
DA:93,24
DA:100,1
LF:11
LH:11
BRF:0
BRH:0
end_of_record
